<?xml version="1.0" encoding="UTF-8"?>
<testng-results ignored="0" total="2" passed="2" failed="0" skipped="0">
  <reporter-output>
  </reporter-output>
  <suite started-at="2022-03-04T18:02:07 IST" name="Suite" finished-at="2022-03-04T18:02:53 IST" duration-ms="46004">
    <groups>
    </groups>
    <test started-at="2022-03-04T18:02:07 IST" name="Test1" finished-at="2022-03-04T18:02:35 IST" duration-ms="27500">
      <class name="POMPagesdemo.Parallelexectuion1">
        <test-method signature="TC01()[pri:0, instance:POMPagesdemo.Parallelexectuion1@663c9e7a]" started-at="2022-03-04T18:02:07 IST" name="TC01" finished-at="2022-03-04T18:02:35 IST" duration-ms="27449" status="PASS">
          <reporter-output>
          </reporter-output>
        </test-method> <!-- TC01 -->
      </class> <!-- POMPagesdemo.Parallelexectuion1 -->
    </test> <!-- Test1 -->
    <test started-at="2022-03-04T18:02:35 IST" name="Test2" finished-at="2022-03-04T18:02:53 IST" duration-ms="18210">
      <class name="POMPagesdemo.ParallelExecution2">
        <test-method signature="TC02()[pri:0, instance:POMPagesdemo.ParallelExecution2@433defed]" started-at="2022-03-04T18:02:35 IST" name="TC02" finished-at="2022-03-04T18:02:53 IST" duration-ms="18203" status="PASS">
          <reporter-output>
          </reporter-output>
        </test-method> <!-- TC02 -->
      </class> <!-- POMPagesdemo.ParallelExecution2 -->
    </test> <!-- Test2 -->
  </suite> <!-- Suite -->
</testng-results>
